<?xml version="1.0" encoding="UTF-8"?>
<coverage generated="1586243235748" clover="3.2.0">
  <project timestamp="1586243235748" name="All files">
    <metrics statements="52" coveredstatements="44" conditionals="69" coveredconditionals="58" methods="9" coveredmethods="8" elements="130" coveredelements="110" complexity="0" loc="52" ncloc="52" packages="1" files="7" classes="7"/>
    <file name="clearObject.js" path="D:\selfWorkspace\utils-tools\src\clearObject.js">
      <metrics statements="7" coveredstatements="7" conditionals="5" coveredconditionals="5" methods="2" coveredmethods="2"/>
      <line num="21" count="7" type="cond" truecount="2" falsecount="0"/>
      <line num="22" count="3" type="stmt"/>
      <line num="23" count="3" type="stmt"/>
      <line num="24" count="18" type="cond" truecount="2" falsecount="0"/>
      <line num="25" count="13" type="stmt"/>
      <line num="28" count="3" type="stmt"/>
      <line num="30" count="4" type="stmt"/>
    </file>
    <file name="formatDate.js" path="D:\selfWorkspace\utils-tools\src\formatDate.js">
      <metrics statements="9" coveredstatements="9" conditionals="16" coveredconditionals="16" methods="1" coveredmethods="1"/>
      <line num="30" count="29" type="cond" truecount="6" falsecount="0"/>
      <line num="31" count="5" type="stmt"/>
      <line num="32" count="5" type="stmt"/>
      <line num="33" count="5" type="stmt"/>
      <line num="36" count="24" type="cond" truecount="4" falsecount="0"/>
      <line num="37" count="10" type="stmt"/>
      <line num="40" count="14" type="cond" truecount="4" falsecount="0"/>
      <line num="41" count="10" type="stmt"/>
      <line num="44" count="4" type="stmt"/>
    </file>
    <file name="formatDateSpace.js" path="D:\selfWorkspace\utils-tools\src\formatDateSpace.js">
      <metrics statements="3" coveredstatements="3" conditionals="4" coveredconditionals="4" methods="1" coveredmethods="1"/>
      <line num="19" count="4" type="cond" truecount="4" falsecount="0"/>
      <line num="20" count="2" type="stmt"/>
      <line num="25" count="2" type="stmt"/>
    </file>
    <file name="formatMatchValue.js" path="D:\selfWorkspace\utils-tools\src\formatMatchValue.js">
      <metrics statements="4" coveredstatements="4" conditionals="7" coveredconditionals="7" methods="2" coveredmethods="2"/>
      <line num="22" count="31" type="stmt"/>
      <line num="23" count="13" type="cond" truecount="2" falsecount="0"/>
      <line num="24" count="3" type="cond" truecount="2" falsecount="0"/>
      <line num="26" count="10" type="stmt"/>
    </file>
    <file name="formatMoney.js" path="D:\selfWorkspace\utils-tools\src\formatMoney.js">
      <metrics statements="10" coveredstatements="9" conditionals="14" coveredconditionals="13" methods="1" coveredmethods="1"/>
      <line num="20" count="14" type="cond" truecount="3" falsecount="0"/>
      <line num="22" count="14" type="cond" truecount="4" falsecount="0"/>
      <line num="23" count="7" type="stmt"/>
      <line num="26" count="7" type="cond" truecount="2" falsecount="1"/>
      <line num="28" count="4" type="stmt"/>
      <line num="29" count="4" type="cond" truecount="2" falsecount="0"/>
      <line num="30" count="1" type="stmt"/>
      <line num="32" count="3" type="stmt"/>
      <line num="35" count="3" type="stmt"/>
      <line num="38" count="0" type="stmt"/>
    </file>
    <file name="formatString.js" path="D:\selfWorkspace\utils-tools\src\formatString.js">
      <metrics statements="3" coveredstatements="0" conditionals="3" coveredconditionals="0" methods="1" coveredmethods="0"/>
      <line num="14" count="0" type="cond" truecount="0" falsecount="2"/>
      <line num="15" count="0" type="stmt"/>
      <line num="17" count="0" type="stmt"/>
    </file>
    <file name="formatThousandsSeparator.js" path="D:\selfWorkspace\utils-tools\src\formatThousandsSeparator.js">
      <metrics statements="16" coveredstatements="12" conditionals="20" coveredconditionals="13" methods="1" coveredmethods="1"/>
      <line num="12" count="3" type="cond" truecount="2" falsecount="2"/>
      <line num="13" count="0" type="stmt"/>
      <line num="16" count="3" type="cond" truecount="1" falsecount="1"/>
      <line num="17" count="0" type="stmt"/>
      <line num="20" count="3" type="stmt"/>
      <line num="24" count="3" type="cond" truecount="1" falsecount="1"/>
      <line num="25" count="0" type="stmt"/>
      <line num="26" count="0" type="stmt"/>
      <line num="28" count="3" type="cond" truecount="3" falsecount="1"/>
      <line num="36" count="3" type="stmt"/>
      <line num="37" count="3" type="stmt"/>
      <line num="39" count="3" type="stmt"/>
      <line num="40" count="3" type="stmt"/>
      <line num="41" count="3" type="stmt"/>
      <line num="42" count="15" type="cond" truecount="4" falsecount="0"/>
      <line num="47" count="3" type="cond" truecount="2" falsecount="2"/>
    </file>
  </project>
</coverage>
