{"D:\\selfWorkspace\\utils-tools\\src\\clearObject.js": {"path":"D:\\selfWorkspace\\utils-tools\\src\\clearObject.js","statementMap":{"0":{"start":{"line":21,"column":2},"end":{"line":29,"column":3}},"1":{"start":{"line":22,"column":22},"end":{"line":22,"column":24}},"2":{"start":{"line":23,"column":4},"end":{"line":27,"column":6}},"3":{"start":{"line":24,"column":6},"end":{"line":26,"column":7}},"4":{"start":{"line":25,"column":8},"end":{"line":25,"column":36}},"5":{"start":{"line":28,"column":4},"end":{"line":28,"column":20}},"6":{"start":{"line":30,"column":2},"end":{"line":30,"column":15}}},"fnMap":{"0":{"name":"clearObject","decl":{"start":{"line":17,"column":24},"end":{"line":17,"column":35}},"loc":{"start":{"line":20,"column":2},"end":{"line":31,"column":1}},"line":20},"1":{"name":"(anonymous_1)","decl":{"start":{"line":23,"column":32},"end":{"line":23,"column":33}},"loc":{"start":{"line":23,"column":39},"end":{"line":27,"column":5}},"line":23}},"branchMap":{"0":{"loc":{"start":{"line":19,"column":2},"end":{"line":19,"column":38}},"type":"default-arg","locations":[{"start":{"line":19,"column":12},"end":{"line":19,"column":38}}],"line":19},"1":{"loc":{"start":{"line":21,"column":2},"end":{"line":29,"column":3}},"type":"if","locations":[{"start":{"line":21,"column":2},"end":{"line":29,"column":3}},{"start":{"line":21,"column":2},"end":{"line":29,"column":3}}],"line":21},"2":{"loc":{"start":{"line":24,"column":6},"end":{"line":26,"column":7}},"type":"if","locations":[{"start":{"line":24,"column":6},"end":{"line":26,"column":7}},{"start":{"line":24,"column":6},"end":{"line":26,"column":7}}],"line":24}},"s":{"0":7,"1":3,"2":3,"3":18,"4":13,"5":3,"6":4},"f":{"0":7,"1":18},"b":{"0":[5],"1":[3,4],"2":[13,5]},"_coverageSchema":"1a1c01bbd47fc00a2c39e90264f33305004495a9","hash":"17fb51a74f923b52e138f45f0ea6f323b3ea3bfc"}
,"D:\\selfWorkspace\\utils-tools\\src\\formatDate.js": {"path":"D:\\selfWorkspace\\utils-tools\\src\\formatDate.js","statementMap":{"0":{"start":{"line":30,"column":2},"end":{"line":34,"column":3}},"1":{"start":{"line":31,"column":22},"end":{"line":31,"column":50}},"2":{"start":{"line":32,"column":20},"end":{"line":32,"column":46}},"3":{"start":{"line":33,"column":4},"end":{"line":33,"column":49}},"4":{"start":{"line":36,"column":2},"end":{"line":38,"column":3}},"5":{"start":{"line":37,"column":4},"end":{"line":37,"column":39}},"6":{"start":{"line":40,"column":2},"end":{"line":42,"column":3}},"7":{"start":{"line":41,"column":4},"end":{"line":41,"column":37}},"8":{"start":{"line":44,"column":2},"end":{"line":44,"column":11}}},"fnMap":{"0":{"name":"formatDate","decl":{"start":{"line":24,"column":24},"end":{"line":24,"column":34}},"loc":{"start":{"line":29,"column":2},"end":{"line":45,"column":1}},"line":29}},"branchMap":{"0":{"loc":{"start":{"line":27,"column":2},"end":{"line":27,"column":29}},"type":"default-arg","locations":[{"start":{"line":27,"column":11},"end":{"line":27,"column":29}}],"line":27},"1":{"loc":{"start":{"line":28,"column":2},"end":{"line":28,"column":18}},"type":"default-arg","locations":[{"start":{"line":28,"column":15},"end":{"line":28,"column":18}}],"line":28},"2":{"loc":{"start":{"line":30,"column":2},"end":{"line":34,"column":3}},"type":"if","locations":[{"start":{"line":30,"column":2},"end":{"line":34,"column":3}},{"start":{"line":30,"column":2},"end":{"line":34,"column":3}}],"line":30},"3":{"loc":{"start":{"line":30,"column":6},"end":{"line":30,"column":54}},"type":"binary-expr","locations":[{"start":{"line":30,"column":7},"end":{"line":30,"column":12}},{"start":{"line":30,"column":16},"end":{"line":30,"column":29}},{"start":{"line":30,"column":35},"end":{"line":30,"column":38}},{"start":{"line":30,"column":42},"end":{"line":30,"column":53}}],"line":30},"4":{"loc":{"start":{"line":36,"column":2},"end":{"line":38,"column":3}},"type":"if","locations":[{"start":{"line":36,"column":2},"end":{"line":38,"column":3}},{"start":{"line":36,"column":2},"end":{"line":38,"column":3}}],"line":36},"5":{"loc":{"start":{"line":36,"column":6},"end":{"line":36,"column":28}},"type":"binary-expr","locations":[{"start":{"line":36,"column":6},"end":{"line":36,"column":11}},{"start":{"line":36,"column":15},"end":{"line":36,"column":28}}],"line":36},"6":{"loc":{"start":{"line":40,"column":2},"end":{"line":42,"column":3}},"type":"if","locations":[{"start":{"line":40,"column":2},"end":{"line":42,"column":3}},{"start":{"line":40,"column":2},"end":{"line":42,"column":3}}],"line":40},"7":{"loc":{"start":{"line":40,"column":6},"end":{"line":40,"column":24}},"type":"binary-expr","locations":[{"start":{"line":40,"column":6},"end":{"line":40,"column":9}},{"start":{"line":40,"column":13},"end":{"line":40,"column":24}}],"line":40}},"s":{"0":29,"1":5,"2":5,"3":5,"4":24,"5":10,"6":14,"7":10,"8":4},"f":{"0":29},"b":{"0":[17],"1":[23],"2":[5,24],"3":[29,15,15,5],"4":[10,14],"5":[24,10],"6":[10,4],"7":[14,10]},"_coverageSchema":"1a1c01bbd47fc00a2c39e90264f33305004495a9","hash":"95f6ea643967667e48adc941fb2e2454222f660a"}
,"D:\\selfWorkspace\\utils-tools\\src\\formatDateSpace.js": {"path":"D:\\selfWorkspace\\utils-tools\\src\\formatDateSpace.js","statementMap":{"0":{"start":{"line":19,"column":2},"end":{"line":24,"column":3}},"1":{"start":{"line":20,"column":4},"end":{"line":23,"column":5}},"2":{"start":{"line":25,"column":2},"end":{"line":25,"column":11}}},"fnMap":{"0":{"name":"formatDateSpace","decl":{"start":{"line":18,"column":24},"end":{"line":18,"column":39}},"loc":{"start":{"line":18,"column":46},"end":{"line":26,"column":1}},"line":18}},"branchMap":{"0":{"loc":{"start":{"line":19,"column":2},"end":{"line":24,"column":3}},"type":"if","locations":[{"start":{"line":19,"column":2},"end":{"line":24,"column":3}},{"start":{"line":19,"column":2},"end":{"line":24,"column":3}}],"line":19},"1":{"loc":{"start":{"line":19,"column":6},"end":{"line":19,"column":26}},"type":"binary-expr","locations":[{"start":{"line":19,"column":6},"end":{"line":19,"column":10}},{"start":{"line":19,"column":14},"end":{"line":19,"column":26}}],"line":19}},"s":{"0":4,"1":2,"2":2},"f":{"0":4},"b":{"0":[2,2],"1":[4,2]},"_coverageSchema":"1a1c01bbd47fc00a2c39e90264f33305004495a9","hash":"bd6d8522f285d6840ca5c9a0ee129606ce966c58"}
,"D:\\selfWorkspace\\utils-tools\\src\\formatMatchValue.js": {"path":"D:\\selfWorkspace\\utils-tools\\src\\formatMatchValue.js","statementMap":{"0":{"start":{"line":22,"column":15},"end":{"line":22,"column":62}},"1":{"start":{"line":22,"column":35},"end":{"line":22,"column":61}},"2":{"start":{"line":23,"column":2},"end":{"line":27,"column":3}},"3":{"start":{"line":24,"column":4},"end":{"line":24,"column":38}},"4":{"start":{"line":26,"column":4},"end":{"line":26,"column":14}}},"fnMap":{"0":{"name":"formatMatchValue","decl":{"start":{"line":21,"column":24},"end":{"line":21,"column":40}},"loc":{"start":{"line":21,"column":99},"end":{"line":28,"column":1}},"line":21},"1":{"name":"(anonymous_1)","decl":{"start":{"line":22,"column":27},"end":{"line":22,"column":28}},"loc":{"start":{"line":22,"column":35},"end":{"line":22,"column":61}},"line":22}},"branchMap":{"0":{"loc":{"start":{"line":21,"column":46},"end":{"line":21,"column":57}},"type":"default-arg","locations":[{"start":{"line":21,"column":55},"end":{"line":21,"column":57}}],"line":21},"1":{"loc":{"start":{"line":21,"column":59},"end":{"line":21,"column":76}},"type":"default-arg","locations":[{"start":{"line":21,"column":69},"end":{"line":21,"column":76}}],"line":21},"2":{"loc":{"start":{"line":21,"column":78},"end":{"line":21,"column":97}},"type":"default-arg","locations":[{"start":{"line":21,"column":90},"end":{"line":21,"column":97}}],"line":21},"3":{"loc":{"start":{"line":23,"column":2},"end":{"line":27,"column":3}},"type":"if","locations":[{"start":{"line":23,"column":2},"end":{"line":27,"column":3}},{"start":{"line":23,"column":2},"end":{"line":27,"column":3}}],"line":23},"4":{"loc":{"start":{"line":24,"column":11},"end":{"line":24,"column":38}},"type":"binary-expr","locations":[{"start":{"line":24,"column":11},"end":{"line":24,"column":31}},{"start":{"line":24,"column":35},"end":{"line":24,"column":38}}],"line":24}},"s":{"0":13,"1":31,"2":13,"3":3,"4":10},"f":{"0":13,"1":31},"b":{"0":[6],"1":[8],"2":[8],"3":[3,10],"4":[3,1]},"_coverageSchema":"1a1c01bbd47fc00a2c39e90264f33305004495a9","hash":"2315658e1c3608699cbf06d9f4c6e4b3d7725094"}
,"D:\\selfWorkspace\\utils-tools\\src\\formatMoney.js": {"path":"D:\\selfWorkspace\\utils-tools\\src\\formatMoney.js","statementMap":{"0":{"start":{"line":20,"column":83},"end":{"line":20,"column":89}},"1":{"start":{"line":22,"column":2},"end":{"line":24,"column":3}},"2":{"start":{"line":23,"column":4},"end":{"line":23,"column":27}},"3":{"start":{"line":26,"column":2},"end":{"line":39,"column":3}},"4":{"start":{"line":28,"column":19},"end":{"line":28,"column":66}},"5":{"start":{"line":29,"column":6},"end":{"line":31,"column":7}},"6":{"start":{"line":30,"column":8},"end":{"line":30,"column":19}},"7":{"start":{"line":32,"column":6},"end":{"line":32,"column":59}},"8":{"start":{"line":35,"column":6},"end":{"line":35,"column":46}},"9":{"start":{"line":38,"column":6},"end":{"line":38,"column":29}}},"fnMap":{"0":{"name":"formatMoney","decl":{"start":{"line":19,"column":24},"end":{"line":19,"column":35}},"loc":{"start":{"line":19,"column":73},"end":{"line":40,"column":1}},"line":19}},"branchMap":{"0":{"loc":{"start":{"line":19,"column":43},"end":{"line":19,"column":58}},"type":"default-arg","locations":[{"start":{"line":19,"column":50},"end":{"line":19,"column":58}}],"line":19},"1":{"loc":{"start":{"line":19,"column":60},"end":{"line":19,"column":71}},"type":"default-arg","locations":[{"start":{"line":19,"column":69},"end":{"line":19,"column":71}}],"line":19},"2":{"loc":{"start":{"line":20,"column":10},"end":{"line":20,"column":35}},"type":"default-arg","locations":[{"start":{"line":20,"column":31},"end":{"line":20,"column":35}}],"line":20},"3":{"loc":{"start":{"line":20,"column":37},"end":{"line":20,"column":55}},"type":"default-arg","locations":[{"start":{"line":20,"column":54},"end":{"line":20,"column":55}}],"line":20},"4":{"loc":{"start":{"line":20,"column":57},"end":{"line":20,"column":79}},"type":"default-arg","locations":[{"start":{"line":20,"column":76},"end":{"line":20,"column":79}}],"line":20},"5":{"loc":{"start":{"line":22,"column":2},"end":{"line":24,"column":3}},"type":"if","locations":[{"start":{"line":22,"column":2},"end":{"line":24,"column":3}},{"start":{"line":22,"column":2},"end":{"line":24,"column":3}}],"line":22},"6":{"loc":{"start":{"line":22,"column":6},"end":{"line":22,"column":28}},"type":"binary-expr","locations":[{"start":{"line":22,"column":6},"end":{"line":22,"column":12}},{"start":{"line":22,"column":16},"end":{"line":22,"column":28}}],"line":22},"7":{"loc":{"start":{"line":26,"column":2},"end":{"line":39,"column":3}},"type":"switch","locations":[{"start":{"line":27,"column":4},"end":{"line":33,"column":5}},{"start":{"line":34,"column":4},"end":{"line":36,"column":5}},{"start":{"line":37,"column":4},"end":{"line":38,"column":29}}],"line":26},"8":{"loc":{"start":{"line":29,"column":6},"end":{"line":31,"column":7}},"type":"if","locations":[{"start":{"line":29,"column":6},"end":{"line":31,"column":7}},{"start":{"line":29,"column":6},"end":{"line":31,"column":7}}],"line":29}},"s":{"0":14,"1":14,"2":7,"3":7,"4":4,"5":4,"6":1,"7":3,"8":3,"9":0},"f":{"0":14},"b":{"0":[2],"1":[5],"2":[5],"3":[12],"4":[12],"5":[7,7],"6":[14,7],"7":[4,3,0],"8":[1,3]},"_coverageSchema":"1a1c01bbd47fc00a2c39e90264f33305004495a9","hash":"4dff4e2eef5f0048d72c9e14f50d1803f9c9d9fb"}
,"D:\\selfWorkspace\\utils-tools\\src\\formatString.js": {"path":"D:\\selfWorkspace\\utils-tools\\src\\formatString.js","statementMap":{"0":{"start":{"line":14,"column":2},"end":{"line":16,"column":3}},"1":{"start":{"line":15,"column":4},"end":{"line":15,"column":17}},"2":{"start":{"line":17,"column":2},"end":{"line":17,"column":12}}},"fnMap":{"0":{"name":"formatString","decl":{"start":{"line":13,"column":24},"end":{"line":13,"column":36}},"loc":{"start":{"line":13,"column":56},"end":{"line":18,"column":1}},"line":13}},"branchMap":{"0":{"loc":{"start":{"line":13,"column":42},"end":{"line":13,"column":54}},"type":"default-arg","locations":[{"start":{"line":13,"column":51},"end":{"line":13,"column":54}}],"line":13},"1":{"loc":{"start":{"line":14,"column":2},"end":{"line":16,"column":3}},"type":"if","locations":[{"start":{"line":14,"column":2},"end":{"line":16,"column":3}},{"start":{"line":14,"column":2},"end":{"line":16,"column":3}}],"line":14}},"s":{"0":0,"1":0,"2":0},"f":{"0":0},"b":{"0":[0],"1":[0,0]},"_coverageSchema":"1a1c01bbd47fc00a2c39e90264f33305004495a9","hash":"a8788676a3f498906f410cdcd11e779354f0ca65"}
,"D:\\selfWorkspace\\utils-tools\\src\\formatThousandsSeparator.js": {"path":"D:\\selfWorkspace\\utils-tools\\src\\formatThousandsSeparator.js","statementMap":{"0":{"start":{"line":12,"column":2},"end":{"line":14,"column":3}},"1":{"start":{"line":13,"column":4},"end":{"line":13,"column":14}},"2":{"start":{"line":16,"column":2},"end":{"line":18,"column":3}},"3":{"start":{"line":17,"column":4},"end":{"line":17,"column":13}},"4":{"start":{"line":20,"column":14},"end":{"line":20,"column":19}},"5":{"start":{"line":24,"column":2},"end":{"line":27,"column":3}},"6":{"start":{"line":25,"column":4},"end":{"line":25,"column":17}},"7":{"start":{"line":26,"column":4},"end":{"line":26,"column":42}},"8":{"start":{"line":28,"column":2},"end":{"line":28,"column":84}},"9":{"start":{"line":36,"column":2},"end":{"line":36,"column":103}},"10":{"start":{"line":37,"column":30},"end":{"line":37,"column":76}},"11":{"start":{"line":39,"column":23},"end":{"line":39,"column":49}},"12":{"start":{"line":40,"column":23},"end":{"line":40,"column":25}},"13":{"start":{"line":41,"column":2},"end":{"line":43,"column":3}},"14":{"start":{"line":41,"column":15},"end":{"line":41,"column":16}},"15":{"start":{"line":42,"column":4},"end":{"line":42,"column":120}},"16":{"start":{"line":47,"column":2},"end":{"line":47,"column":118}}},"fnMap":{"0":{"name":"formatThousandsSeparator","decl":{"start":{"line":11,"column":24},"end":{"line":11,"column":48}},"loc":{"start":{"line":11,"column":79},"end":{"line":48,"column":1}},"line":11}},"branchMap":{"0":{"loc":{"start":{"line":12,"column":2},"end":{"line":14,"column":3}},"type":"if","locations":[{"start":{"line":12,"column":2},"end":{"line":14,"column":3}},{"start":{"line":12,"column":2},"end":{"line":14,"column":3}}],"line":12},"1":{"loc":{"start":{"line":12,"column":6},"end":{"line":12,"column":41}},"type":"binary-expr","locations":[{"start":{"line":12,"column":6},"end":{"line":12,"column":19}},{"start":{"line":12,"column":23},"end":{"line":12,"column":41}}],"line":12},"2":{"loc":{"start":{"line":16,"column":2},"end":{"line":18,"column":3}},"type":"if","locations":[{"start":{"line":16,"column":2},"end":{"line":18,"column":3}},{"start":{"line":16,"column":2},"end":{"line":18,"column":3}}],"line":16},"3":{"loc":{"start":{"line":24,"column":2},"end":{"line":27,"column":3}},"type":"if","locations":[{"start":{"line":24,"column":2},"end":{"line":27,"column":3}},{"start":{"line":24,"column":2},"end":{"line":27,"column":3}}],"line":24},"4":{"loc":{"start":{"line":28,"column":19},"end":{"line":28,"column":83}},"type":"cond-expr","locations":[{"start":{"line":28,"column":65},"end":{"line":28,"column":79}},{"start":{"line":28,"column":82},"end":{"line":28,"column":83}}],"line":28},"5":{"loc":{"start":{"line":28,"column":19},"end":{"line":28,"column":62}},"type":"binary-expr","locations":[{"start":{"line":28,"column":19},"end":{"line":28,"column":38}},{"start":{"line":28,"column":42},"end":{"line":28,"column":62}}],"line":28},"6":{"loc":{"start":{"line":42,"column":48},"end":{"line":42,"column":118}},"type":"cond-expr","locations":[{"start":{"line":42,"column":110},"end":{"line":42,"column":113}},{"start":{"line":42,"column":116},"end":{"line":42,"column":118}}],"line":42},"7":{"loc":{"start":{"line":42,"column":48},"end":{"line":42,"column":107}},"type":"binary-expr","locations":[{"start":{"line":42,"column":48},"end":{"line":42,"column":65}},{"start":{"line":42,"column":69},"end":{"line":42,"column":107}}],"line":42},"8":{"loc":{"start":{"line":47,"column":12},"end":{"line":47,"column":28}},"type":"cond-expr","locations":[{"start":{"line":47,"column":20},"end":{"line":47,"column":23}},{"start":{"line":47,"column":26},"end":{"line":47,"column":28}}],"line":47},"9":{"loc":{"start":{"line":47,"column":77},"end":{"line":47,"column":115}},"type":"cond-expr","locations":[{"start":{"line":47,"column":92},"end":{"line":47,"column":110}},{"start":{"line":47,"column":113},"end":{"line":47,"column":115}}],"line":47}},"s":{"0":3,"1":0,"2":3,"3":0,"4":3,"5":3,"6":0,"7":0,"8":3,"9":3,"10":3,"11":3,"12":3,"13":3,"14":3,"15":15,"16":3},"f":{"0":3},"b":{"0":[0,3],"1":[3,0],"2":[0,3],"3":[0,3],"4":[3,0],"5":[3,3],"6":[3,12],"7":[15,3],"8":[0,3],"9":[3,0]},"_coverageSchema":"1a1c01bbd47fc00a2c39e90264f33305004495a9","hash":"3ad0a9f766d399272ff3d119cad146b05df07abe"}
}
