TN:
SF:src\clearObject.js
FN:17,clearObject
FN:23,(anonymous_1)
FNF:2
FNH:2
FNDA:7,clearObject
FNDA:18,(anonymous_1)
DA:21,7
DA:22,3
DA:23,3
DA:24,18
DA:25,13
DA:28,3
DA:30,4
LF:7
LH:7
BRDA:19,0,0,5
BRDA:21,1,0,3
BRDA:21,1,1,4
BRDA:24,2,0,13
BRDA:24,2,1,5
BRF:5
BRH:5
end_of_record
TN:
SF:src\formatDate.js
FN:24,formatDate
FNF:1
FNH:1
FNDA:29,formatDate
DA:30,29
DA:31,5
DA:32,5
DA:33,5
DA:36,24
DA:37,10
DA:40,14
DA:41,10
DA:44,4
LF:9
LH:9
BRDA:27,0,0,17
BRDA:28,1,0,23
BRDA:30,2,0,5
BRDA:30,2,1,24
BRDA:30,3,0,29
BRDA:30,3,1,15
BRDA:30,3,2,15
BRDA:30,3,3,5
BRDA:36,4,0,10
BRDA:36,4,1,14
BRDA:36,5,0,24
BRDA:36,5,1,10
BRDA:40,6,0,10
BRDA:40,6,1,4
BRDA:40,7,0,14
BRDA:40,7,1,10
BRF:16
BRH:16
end_of_record
TN:
SF:src\formatDateSpace.js
FN:18,formatDateSpace
FNF:1
FNH:1
FNDA:4,formatDateSpace
DA:19,4
DA:20,2
DA:25,2
LF:3
LH:3
BRDA:19,0,0,2
BRDA:19,0,1,2
BRDA:19,1,0,4
BRDA:19,1,1,2
BRF:4
BRH:4
end_of_record
TN:
SF:src\formatMatchValue.js
FN:21,formatMatchValue
FN:22,(anonymous_1)
FNF:2
FNH:2
FNDA:13,formatMatchValue
FNDA:31,(anonymous_1)
DA:22,31
DA:23,13
DA:24,3
DA:26,10
LF:4
LH:4
BRDA:21,0,0,6
BRDA:21,1,0,8
BRDA:21,2,0,8
BRDA:23,3,0,3
BRDA:23,3,1,10
BRDA:24,4,0,3
BRDA:24,4,1,1
BRF:7
BRH:7
end_of_record
TN:
SF:src\formatMoney.js
FN:19,formatMoney
FNF:1
FNH:1
FNDA:14,formatMoney
DA:20,14
DA:22,14
DA:23,7
DA:26,7
DA:28,4
DA:29,4
DA:30,1
DA:32,3
DA:35,3
DA:38,0
LF:10
LH:9
BRDA:19,0,0,2
BRDA:19,1,0,5
BRDA:20,2,0,5
BRDA:20,3,0,12
BRDA:20,4,0,12
BRDA:22,5,0,7
BRDA:22,5,1,7
BRDA:22,6,0,14
BRDA:22,6,1,7
BRDA:26,7,0,4
BRDA:26,7,1,3
BRDA:26,7,2,0
BRDA:29,8,0,1
BRDA:29,8,1,3
BRF:14
BRH:13
end_of_record
TN:
SF:src\formatString.js
FN:13,formatString
FNF:1
FNH:0
FNDA:0,formatString
DA:14,0
DA:15,0
DA:17,0
LF:3
LH:0
BRDA:13,0,0,0
BRDA:14,1,0,0
BRDA:14,1,1,0
BRF:3
BRH:0
end_of_record
TN:
SF:src\formatThousandsSeparator.js
FN:11,formatThousandsSeparator
FNF:1
FNH:1
FNDA:3,formatThousandsSeparator
DA:12,3
DA:13,0
DA:16,3
DA:17,0
DA:20,3
DA:24,3
DA:25,0
DA:26,0
DA:28,3
DA:36,3
DA:37,3
DA:39,3
DA:40,3
DA:41,3
DA:42,15
DA:47,3
LF:16
LH:12
BRDA:12,0,0,0
BRDA:12,0,1,3
BRDA:12,1,0,3
BRDA:12,1,1,0
BRDA:16,2,0,0
BRDA:16,2,1,3
BRDA:24,3,0,0
BRDA:24,3,1,3
BRDA:28,4,0,3
BRDA:28,4,1,0
BRDA:28,5,0,3
BRDA:28,5,1,3
BRDA:42,6,0,3
BRDA:42,6,1,12
BRDA:42,7,0,15
BRDA:42,7,1,3
BRDA:47,8,0,0
BRDA:47,8,1,3
BRDA:47,9,0,3
BRDA:47,9,1,0
BRF:20
BRH:13
end_of_record
